<?xml version="1.0" encoding="UTF-8"?>

<mule xmlns:xsi="http://www.w3.org/2001/XMLSchema-instance"
	xmlns:munit="http://www.mulesoft.org/schema/mule/munit" xmlns:munit-tools="http://www.mulesoft.org/schema/mule/munit-tools"
	xmlns="http://www.mulesoft.org/schema/mule/core" xmlns:doc="http://www.mulesoft.org/schema/mule/documentation"
	xsi:schemaLocation="
		http://www.mulesoft.org/schema/mule/core http://www.mulesoft.org/schema/mule/core/current/mule.xsd
		http://www.mulesoft.org/schema/mule/munit http://www.mulesoft.org/schema/mule/munit/current/mule-munit.xsd
		http://www.mulesoft.org/schema/mule/munit-tools  http://www.mulesoft.org/schema/mule/munit-tools/current/mule-munit-tools.xsd">
	<munit:config name="test-hello-world-api-test-suite.xml" />
	<munit:test name="test-hello-world-api-test" doc:id="375ddb43-f3dc-469c-852f-d3c56c58499a" description="Test">
		<munit:execution >
			<flow-ref doc:name="get:\helloworld" doc:id="10faf0f6-96ae-431b-a845-1f58bf7fd2fb" name="get:\helloworld:test-hello-world-api-config"/>
		</munit:execution>
		<munit:validation>
			<munit-tools:assert-equals doc:name="Assert equals" doc:id="fbdbdfb4-1401-4327-947c-255b73ecc3f8" actual="#[payload.message]" expected="Hello, World!"/>
		</munit:validation>
	</munit:test>


</mule>
